[2023-04-06 16:55:12Z INFO HostContext] Configuring anonymous proxy http://proxy-chain.intel.com:911 for all HTTP requests.
[2023-04-06 16:55:12Z INFO HostContext] Configuring anonymous proxy http://proxy-chain.intel.com:912 for all HTTPS requests.
[2023-04-06 16:55:12Z INFO HostContext] Well known directory 'Bin': '/home/ifs/ci-cd-sample/actions-runner/bin'
[2023-04-06 16:55:12Z INFO HostContext] Well known directory 'Root': '/home/ifs/ci-cd-sample/actions-runner'
[2023-04-06 16:55:12Z INFO HostContext] Well known config file 'Credentials': '/home/ifs/ci-cd-sample/actions-runner/.credentials'
[2023-04-06 16:55:12Z INFO HostContext] Well known directory 'Bin': '/home/ifs/ci-cd-sample/actions-runner/bin'
[2023-04-06 16:55:12Z INFO HostContext] Well known directory 'Root': '/home/ifs/ci-cd-sample/actions-runner'
[2023-04-06 16:55:12Z INFO HostContext] Well known config file 'Runner': '/home/ifs/ci-cd-sample/actions-runner/.runner'
[2023-04-06 16:55:12Z INFO Listener] Runner is built for Linux (X64) - linux-x64.
[2023-04-06 16:55:12Z INFO Listener] RuntimeInformation: Linux 5.15.0-41-generic #44~20.04.1-Ubuntu SMP Fri Jun 24 13:27:29 UTC 2022.
[2023-04-06 16:55:12Z INFO Listener] Version: 2.303.0
[2023-04-06 16:55:12Z INFO Listener] Commit: e676c7871817c1b484299cd93fabdf4b95e70741
[2023-04-06 16:55:12Z INFO Listener] Culture: en-US
[2023-04-06 16:55:12Z INFO Listener] UI Culture: en-US
[2023-04-06 16:55:12Z INFO HostContext] Well known directory 'Bin': '/home/ifs/ci-cd-sample/actions-runner/bin'
[2023-04-06 16:55:12Z INFO HostContext] Well known directory 'Root': '/home/ifs/ci-cd-sample/actions-runner'
[2023-04-06 16:55:12Z INFO Listener] Validating directory permissions for: '/home/ifs/ci-cd-sample/actions-runner'
[2023-04-06 16:55:12Z INFO CommandLineParser] Parse
[2023-04-06 16:55:12Z INFO CommandLineParser] Parsing 1 args
[2023-04-06 16:55:12Z INFO CommandLineParser] parsing argument
[2023-04-06 16:55:12Z INFO CommandLineParser] HasArgs: False
[2023-04-06 16:55:12Z INFO CommandLineParser] Adding Command: run
[2023-04-06 16:55:12Z INFO Listener] Arguments parsed
[2023-04-06 16:55:12Z INFO Runner] ExecuteCommand
[2023-04-06 16:55:12Z INFO ConfigurationStore] currentAssemblyLocation: /home/ifs/ci-cd-sample/actions-runner/bin/Runner.Listener.dll
[2023-04-06 16:55:12Z INFO HostContext] Well known directory 'Bin': '/home/ifs/ci-cd-sample/actions-runner/bin'
[2023-04-06 16:55:12Z INFO ConfigurationStore] binPath: /home/ifs/ci-cd-sample/actions-runner/bin
[2023-04-06 16:55:12Z INFO HostContext] Well known directory 'Bin': '/home/ifs/ci-cd-sample/actions-runner/bin'
[2023-04-06 16:55:12Z INFO HostContext] Well known directory 'Root': '/home/ifs/ci-cd-sample/actions-runner'
[2023-04-06 16:55:12Z INFO ConfigurationStore] RootFolder: /home/ifs/ci-cd-sample/actions-runner
[2023-04-06 16:55:12Z INFO HostContext] Well known directory 'Bin': '/home/ifs/ci-cd-sample/actions-runner/bin'
[2023-04-06 16:55:12Z INFO HostContext] Well known directory 'Root': '/home/ifs/ci-cd-sample/actions-runner'
[2023-04-06 16:55:12Z INFO HostContext] Well known config file 'Runner': '/home/ifs/ci-cd-sample/actions-runner/.runner'
[2023-04-06 16:55:12Z INFO ConfigurationStore] ConfigFilePath: /home/ifs/ci-cd-sample/actions-runner/.runner
[2023-04-06 16:55:12Z INFO HostContext] Well known directory 'Bin': '/home/ifs/ci-cd-sample/actions-runner/bin'
[2023-04-06 16:55:12Z INFO HostContext] Well known directory 'Root': '/home/ifs/ci-cd-sample/actions-runner'
[2023-04-06 16:55:12Z INFO HostContext] Well known config file 'Credentials': '/home/ifs/ci-cd-sample/actions-runner/.credentials'
[2023-04-06 16:55:12Z INFO ConfigurationStore] CredFilePath: /home/ifs/ci-cd-sample/actions-runner/.credentials
[2023-04-06 16:55:12Z INFO HostContext] Well known directory 'Bin': '/home/ifs/ci-cd-sample/actions-runner/bin'
[2023-04-06 16:55:12Z INFO HostContext] Well known directory 'Root': '/home/ifs/ci-cd-sample/actions-runner'
[2023-04-06 16:55:12Z INFO HostContext] Well known config file 'MigratedCredentials': '/home/ifs/ci-cd-sample/actions-runner/.credentials_migrated'
[2023-04-06 16:55:12Z INFO ConfigurationStore] MigratedCredFilePath: /home/ifs/ci-cd-sample/actions-runner/.credentials_migrated
[2023-04-06 16:55:12Z INFO HostContext] Well known directory 'Bin': '/home/ifs/ci-cd-sample/actions-runner/bin'
[2023-04-06 16:55:12Z INFO HostContext] Well known directory 'Root': '/home/ifs/ci-cd-sample/actions-runner'
[2023-04-06 16:55:12Z INFO HostContext] Well known config file 'Service': '/home/ifs/ci-cd-sample/actions-runner/.service'
[2023-04-06 16:55:12Z INFO ConfigurationStore] ServiceConfigFilePath: /home/ifs/ci-cd-sample/actions-runner/.service
[2023-04-06 16:55:12Z INFO CommandSettings] Flag 'help': 'False'
[2023-04-06 16:55:12Z INFO CommandSettings] Flag 'version': 'False'
[2023-04-06 16:55:12Z INFO CommandSettings] Flag 'commit': 'False'
[2023-04-06 16:55:12Z INFO CommandSettings] Flag 'check': 'False'
[2023-04-06 16:55:12Z INFO CommandSettings] Command 'configure': 'False'
[2023-04-06 16:55:12Z INFO CommandSettings] Command 'remove': 'False'
[2023-04-06 16:55:12Z INFO CommandSettings] Command 'warmup': 'False'
[2023-04-06 16:55:12Z INFO ConfigurationManager] LoadSettings
[2023-04-06 16:55:12Z INFO ConfigurationStore] IsConfigured()
[2023-04-06 16:55:12Z INFO ConfigurationStore] IsConfigured: True
[2023-04-06 16:55:12Z INFO ConfigurationManager] Is configured: True
[2023-04-06 16:55:12Z INFO ConfigurationStore] Read setting file: 300 chars
[2023-04-06 16:55:12Z INFO ConfigurationManager] Settings Loaded
[2023-04-06 16:55:12Z INFO ConfigurationStore] IsServiceConfigured()
[2023-04-06 16:55:12Z INFO ConfigurationStore] IsServiceConfigured: False
[2023-04-06 16:55:12Z INFO CommandSettings] Command 'run': 'True'
[2023-04-06 16:55:12Z INFO ConfigurationStore] IsConfigured()
[2023-04-06 16:55:12Z INFO ConfigurationStore] IsConfigured: True
[2023-04-06 16:55:12Z INFO ConfigurationManager] Is configured: True
[2023-04-06 16:55:12Z INFO Runner] Could not parse the argument value '' for StartupType. Defaulting to Manual
[2023-04-06 16:55:12Z INFO Runner] Set runner startup type - Manual
[2023-04-06 16:55:12Z INFO CommandSettings] Flag 'once': 'False'
[2023-04-06 16:55:12Z INFO CommandSettings] Flag 'once': 'False'
[2023-04-06 16:55:12Z INFO Runner] RunAsync
[2023-04-06 16:55:12Z INFO ConfigurationManager] LoadSettings
[2023-04-06 16:55:12Z INFO ConfigurationStore] IsConfigured()
[2023-04-06 16:55:12Z INFO ConfigurationStore] IsConfigured: True
[2023-04-06 16:55:12Z INFO ConfigurationManager] Is configured: True
[2023-04-06 16:55:12Z INFO ConfigurationManager] Settings Loaded
[2023-04-06 16:55:12Z INFO MessageListener] {
  "AgentId": 2,
  "AgentName": "mohamed esmail",
  "PoolId": 1,
  "PoolName": "Default",
  "ServerUrl": "https://pipelines.actions.githubusercontent.com/E72i4yQxnUthuzCimL5e2A76ZggI2zfN2qwFy4aFGu9eJL7Fpu",
  "GitHubUrl": "https://github.com/mesmail98/ci-cd-sample",
  "WorkFolder": "ci-cd-sample"
}
[2023-04-06 16:55:12Z INFO MessageListener] Loading Credentials
[2023-04-06 16:55:12Z INFO ConfigurationStore] HasCredentials()
[2023-04-06 16:55:12Z INFO ConfigurationStore] stored True
[2023-04-06 16:55:12Z INFO CredentialManager] GetCredentialProvider
[2023-04-06 16:55:12Z INFO CredentialManager] Creating type OAuth
[2023-04-06 16:55:12Z INFO CredentialManager] Creating credential type: OAuth
[2023-04-06 16:55:12Z INFO HostContext] Well known directory 'Bin': '/home/ifs/ci-cd-sample/actions-runner/bin'
[2023-04-06 16:55:12Z INFO HostContext] Well known directory 'Root': '/home/ifs/ci-cd-sample/actions-runner'
[2023-04-06 16:55:12Z INFO HostContext] Well known config file 'RSACredentials': '/home/ifs/ci-cd-sample/actions-runner/.credentials_rsaparams'
[2023-04-06 16:55:12Z INFO RSAFileKeyManager] Loading RSA key parameters from file /home/ifs/ci-cd-sample/actions-runner/.credentials_rsaparams
[2023-04-06 16:55:12Z INFO MessageListener] Attempt to create session.
[2023-04-06 16:55:12Z INFO MessageListener] Connecting to the Runner Server...
[2023-04-06 16:55:12Z INFO RunnerServer] EstablishVssConnection
[2023-04-06 16:55:12Z INFO RunnerServer] Establish connection with 100 seconds timeout.
[2023-04-06 16:55:12Z INFO GitHubActionsService] Starting operation Location.GetConnectionData
[2023-04-06 16:55:12Z INFO RunnerServer] EstablishVssConnection
[2023-04-06 16:55:12Z INFO RunnerServer] Establish connection with 60 seconds timeout.
[2023-04-06 16:55:12Z INFO GitHubActionsService] Starting operation Location.GetConnectionData
[2023-04-06 16:55:12Z INFO RunnerServer] EstablishVssConnection
[2023-04-06 16:55:12Z INFO RunnerServer] Establish connection with 60 seconds timeout.
[2023-04-06 16:55:12Z INFO GitHubActionsService] Starting operation Location.GetConnectionData
[2023-04-06 16:55:13Z INFO GitHubActionsService] Finished operation Location.GetConnectionData
[2023-04-06 16:55:13Z INFO GitHubActionsService] Finished operation Location.GetConnectionData
[2023-04-06 16:55:13Z INFO GitHubActionsService] Finished operation Location.GetConnectionData
[2023-04-06 16:55:13Z INFO MessageListener] VssConnection created
[2023-04-06 16:55:13Z INFO Terminal] WRITE LINE: 
[2023-04-06 16:55:13Z INFO Terminal] WRITE LINE: 
[2023-04-06 16:55:13Z INFO RSAFileKeyManager] Loading RSA key parameters from file /home/ifs/ci-cd-sample/actions-runner/.credentials_rsaparams
[2023-04-06 16:55:13Z INFO RSAFileKeyManager] Loading RSA key parameters from file /home/ifs/ci-cd-sample/actions-runner/.credentials_rsaparams
[2023-04-06 16:55:14Z INFO GitHubActionsService] AAD Correlation ID for this token request: Unknown
[2023-04-06 16:55:14Z INFO MessageListener] Session created.
[2023-04-06 16:55:14Z INFO Terminal] WRITE LINE: Current runner version: '2.303.0'
[2023-04-06 16:55:14Z INFO Terminal] WRITE LINE: 2023-04-06 16:55:14Z: Listening for Jobs
[2023-04-06 16:55:14Z INFO JobDispatcher] Set runner/worker IPC timeout to 30 seconds.
[2023-04-06 17:05:07Z INFO Terminal] WRITE LINE: Exiting...
[2023-04-06 17:05:07Z INFO ConfigurationStore] IsServiceConfigured()
[2023-04-06 17:05:07Z INFO ConfigurationStore] IsServiceConfigured: False
[2023-04-06 17:05:07Z INFO HostContext] Runner will be shutdown for UserCancelled
[2023-04-06 17:05:07Z WARN GitHubActionsService] GET request to https://pipelines.actions.githubusercontent.com/E72i4yQxnUthuzCimL5e2A76ZggI2zfN2qwFy4aFGu9eJL7Fpu/_apis/distributedtask/pools/1/messages?sessionId=55680420-393d-4354-a3c8-07f9e95cea1e&status=Online&runnerVersion=2.303.0 has been cancelled.
[2023-04-06 17:05:07Z INFO MessageListener] Get next message has been cancelled.
[2023-04-06 17:05:07Z INFO JobDispatcher] Shutting down JobDispatcher. Make sure all WorkerDispatcher has finished.
[2023-04-06 17:05:07Z INFO Listener] Runner execution been cancelled.
