[2023-04-06 16:52:26Z INFO HostContext] Configuring anonymous proxy http://proxy-chain.intel.com:911 for all HTTP requests.
[2023-04-06 16:52:26Z INFO HostContext] Configuring anonymous proxy http://proxy-chain.intel.com:912 for all HTTPS requests.
[2023-04-06 16:52:26Z INFO HostContext] Well known directory 'Bin': '/home/ifs/ci-cd-sample/actions-runner/bin'
[2023-04-06 16:52:26Z INFO HostContext] Well known directory 'Root': '/home/ifs/ci-cd-sample/actions-runner'
[2023-04-06 16:52:26Z INFO HostContext] Well known config file 'Credentials': '/home/ifs/ci-cd-sample/actions-runner/.credentials'
[2023-04-06 16:52:26Z INFO HostContext] Well known directory 'Bin': '/home/ifs/ci-cd-sample/actions-runner/bin'
[2023-04-06 16:52:26Z INFO HostContext] Well known directory 'Root': '/home/ifs/ci-cd-sample/actions-runner'
[2023-04-06 16:52:26Z INFO HostContext] Well known config file 'Runner': '/home/ifs/ci-cd-sample/actions-runner/.runner'
[2023-04-06 16:52:26Z INFO Listener] Runner is built for Linux (X64) - linux-x64.
[2023-04-06 16:52:26Z INFO Listener] RuntimeInformation: Linux 5.15.0-41-generic #44~20.04.1-Ubuntu SMP Fri Jun 24 13:27:29 UTC 2022.
[2023-04-06 16:52:26Z INFO Listener] Version: 2.303.0
[2023-04-06 16:52:26Z INFO Listener] Commit: e676c7871817c1b484299cd93fabdf4b95e70741
[2023-04-06 16:52:26Z INFO Listener] Culture: en-US
[2023-04-06 16:52:26Z INFO Listener] UI Culture: en-US
[2023-04-06 16:52:26Z INFO HostContext] Well known directory 'Bin': '/home/ifs/ci-cd-sample/actions-runner/bin'
[2023-04-06 16:52:26Z INFO HostContext] Well known directory 'Root': '/home/ifs/ci-cd-sample/actions-runner'
[2023-04-06 16:52:26Z INFO Listener] Validating directory permissions for: '/home/ifs/ci-cd-sample/actions-runner'
[2023-04-06 16:52:26Z INFO CommandLineParser] Parse
[2023-04-06 16:52:26Z INFO CommandLineParser] Parsing 7 args
[2023-04-06 16:52:26Z INFO CommandLineParser] parsing argument
[2023-04-06 16:52:26Z INFO CommandLineParser] HasArgs: False
[2023-04-06 16:52:26Z INFO CommandLineParser] Adding Command: configure
[2023-04-06 16:52:26Z INFO CommandLineParser] parsing argument
[2023-04-06 16:52:26Z INFO CommandLineParser] HasArgs: True
[2023-04-06 16:52:26Z INFO CommandLineParser] arg: url
[2023-04-06 16:52:26Z INFO CommandLineParser] parsing argument
[2023-04-06 16:52:26Z INFO CommandLineParser] HasArgs: True
[2023-04-06 16:52:26Z INFO CommandLineParser] Adding option 'url': 'https://github.com/your-github-username/your-repo'
[2023-04-06 16:52:26Z INFO CommandLineParser] parsing argument
[2023-04-06 16:52:26Z INFO CommandLineParser] HasArgs: True
[2023-04-06 16:52:26Z INFO CommandLineParser] arg: token
[2023-04-06 16:52:26Z INFO CommandLineParser] parsing argument
[2023-04-06 16:52:26Z INFO CommandLineParser] HasArgs: True
[2023-04-06 16:52:26Z INFO CommandLineParser] Adding option 'token': '***'
[2023-04-06 16:52:26Z INFO CommandLineParser] parsing argument
[2023-04-06 16:52:26Z INFO CommandLineParser] HasArgs: True
[2023-04-06 16:52:26Z INFO CommandLineParser] arg: labels
[2023-04-06 16:52:26Z INFO CommandLineParser] parsing argument
[2023-04-06 16:52:26Z INFO CommandLineParser] HasArgs: True
[2023-04-06 16:52:26Z INFO CommandLineParser] Adding option 'labels': 'self-hosted-linux'
[2023-04-06 16:52:26Z INFO Listener] Arguments parsed
[2023-04-06 16:52:26Z INFO Runner] ExecuteCommand
[2023-04-06 16:52:26Z INFO ConfigurationStore] currentAssemblyLocation: /home/ifs/ci-cd-sample/actions-runner/bin/Runner.Listener.dll
[2023-04-06 16:52:26Z INFO HostContext] Well known directory 'Bin': '/home/ifs/ci-cd-sample/actions-runner/bin'
[2023-04-06 16:52:26Z INFO ConfigurationStore] binPath: /home/ifs/ci-cd-sample/actions-runner/bin
[2023-04-06 16:52:26Z INFO HostContext] Well known directory 'Bin': '/home/ifs/ci-cd-sample/actions-runner/bin'
[2023-04-06 16:52:26Z INFO HostContext] Well known directory 'Root': '/home/ifs/ci-cd-sample/actions-runner'
[2023-04-06 16:52:26Z INFO ConfigurationStore] RootFolder: /home/ifs/ci-cd-sample/actions-runner
[2023-04-06 16:52:26Z INFO HostContext] Well known directory 'Bin': '/home/ifs/ci-cd-sample/actions-runner/bin'
[2023-04-06 16:52:26Z INFO HostContext] Well known directory 'Root': '/home/ifs/ci-cd-sample/actions-runner'
[2023-04-06 16:52:26Z INFO HostContext] Well known config file 'Runner': '/home/ifs/ci-cd-sample/actions-runner/.runner'
[2023-04-06 16:52:26Z INFO ConfigurationStore] ConfigFilePath: /home/ifs/ci-cd-sample/actions-runner/.runner
[2023-04-06 16:52:26Z INFO HostContext] Well known directory 'Bin': '/home/ifs/ci-cd-sample/actions-runner/bin'
[2023-04-06 16:52:26Z INFO HostContext] Well known directory 'Root': '/home/ifs/ci-cd-sample/actions-runner'
[2023-04-06 16:52:26Z INFO HostContext] Well known config file 'Credentials': '/home/ifs/ci-cd-sample/actions-runner/.credentials'
[2023-04-06 16:52:26Z INFO ConfigurationStore] CredFilePath: /home/ifs/ci-cd-sample/actions-runner/.credentials
[2023-04-06 16:52:26Z INFO HostContext] Well known directory 'Bin': '/home/ifs/ci-cd-sample/actions-runner/bin'
[2023-04-06 16:52:26Z INFO HostContext] Well known directory 'Root': '/home/ifs/ci-cd-sample/actions-runner'
[2023-04-06 16:52:26Z INFO HostContext] Well known config file 'MigratedCredentials': '/home/ifs/ci-cd-sample/actions-runner/.credentials_migrated'
[2023-04-06 16:52:26Z INFO ConfigurationStore] MigratedCredFilePath: /home/ifs/ci-cd-sample/actions-runner/.credentials_migrated
[2023-04-06 16:52:26Z INFO HostContext] Well known directory 'Bin': '/home/ifs/ci-cd-sample/actions-runner/bin'
[2023-04-06 16:52:26Z INFO HostContext] Well known directory 'Root': '/home/ifs/ci-cd-sample/actions-runner'
[2023-04-06 16:52:26Z INFO HostContext] Well known config file 'Service': '/home/ifs/ci-cd-sample/actions-runner/.service'
[2023-04-06 16:52:26Z INFO ConfigurationStore] ServiceConfigFilePath: /home/ifs/ci-cd-sample/actions-runner/.service
[2023-04-06 16:52:26Z INFO CommandSettings] Flag 'help': 'False'
[2023-04-06 16:52:26Z INFO CommandSettings] Flag 'version': 'False'
[2023-04-06 16:52:26Z INFO CommandSettings] Flag 'commit': 'False'
[2023-04-06 16:52:26Z INFO CommandSettings] Flag 'check': 'False'
[2023-04-06 16:52:26Z INFO CommandSettings] Command 'configure': 'True'
[2023-04-06 16:52:26Z INFO Terminal] WRITE LINE: 
[2023-04-06 16:52:26Z INFO Terminal] WRITE LINE: --------------------------------------------------------------------------------
[2023-04-06 16:52:26Z INFO Terminal] WRITE LINE: |        ____ _ _   _   _       _          _        _   _                      |
[2023-04-06 16:52:26Z INFO Terminal] WRITE LINE: |       / ___(_) |_| | | |_   _| |__      / \   ___| |_(_) ___  _ __  ___      |
[2023-04-06 16:52:26Z INFO Terminal] WRITE LINE: |      | |  _| | __| |_| | | | | '_ \    / _ \ / __| __| |/ _ \| '_ \/ __|     |
[2023-04-06 16:52:26Z INFO Terminal] WRITE LINE: |      | |_| | | |_|  _  | |_| | |_) |  / ___ \ (__| |_| | (_) | | | \__ \     |
[2023-04-06 16:52:26Z INFO Terminal] WRITE LINE: |       \____|_|\__|_| |_|\__,_|_.__/  /_/   \_\___|\__|_|\___/|_| |_|___/     |
[2023-04-06 16:52:26Z INFO Terminal] WRITE LINE: |                                                                              |
[2023-04-06 16:52:26Z INFO Terminal] WRITE: |                       
[2023-04-06 16:52:26Z INFO Terminal] WRITE: Self-hosted runner registration
[2023-04-06 16:52:26Z INFO Terminal] WRITE LINE:                         |
[2023-04-06 16:52:26Z INFO Terminal] WRITE LINE: |                                                                              |
[2023-04-06 16:52:26Z INFO Terminal] WRITE LINE: --------------------------------------------------------------------------------
[2023-04-06 16:52:26Z INFO ConfigurationManager] ConfigureAsync
[2023-04-06 16:52:26Z INFO CommandSettings] Flag 'generateServiceConfig': 'False'
[2023-04-06 16:52:26Z INFO ConfigurationStore] IsConfigured()
[2023-04-06 16:52:26Z INFO ConfigurationStore] IsConfigured: False
[2023-04-06 16:52:26Z INFO ConfigurationManager] Is configured: False
[2023-04-06 16:52:26Z INFO CommandSettings] Arg 'url': 'https://github.com/your-github-username/your-repo'
[2023-04-06 16:52:26Z INFO CommandSettings] Remove url from Arg dictionary.
[2023-04-06 16:52:26Z INFO CommandSettings] Arg 'token': '***'
[2023-04-06 16:52:26Z INFO CommandSettings] Remove token from Arg dictionary.
[2023-04-06 16:52:27Z ERR  Terminal] WRITE ERROR: Http response code: NotFound from 'POST https://api.github.com/actions/runner-registration' (Request Id: 9A74:13BF:71D092:E8B628:642EF8C2)
[2023-04-06 16:52:27Z ERR  Terminal] WRITE ERROR: {"message":"Unable to find runner owner.","documentation_url":"https://docs.github.com/rest"}
[2023-04-06 16:52:27Z ERR  Runner] System.Net.Http.HttpRequestException: Response status code does not indicate success: 404 (Not Found).
   at System.Net.Http.HttpResponseMessage.EnsureSuccessStatusCode()
   at GitHub.Runner.Listener.Configuration.ConfigurationManager.GetTenantCredential(String githubUrl, String githubToken, String runnerEvent)
   at GitHub.Runner.Listener.Configuration.ConfigurationManager.ConfigureAsync(CommandSettings command)
   at GitHub.Runner.Listener.Runner.ExecuteCommand(CommandSettings command)
[2023-04-06 16:52:27Z ERR  Terminal] WRITE ERROR: Response status code does not indicate success: 404 (Not Found).
[2023-04-06 16:52:27Z INFO Listener] Runner execution has finished with return code 1
