[2023-04-07 16:50:04Z INFO HostContext] Configuring anonymous proxy http://proxy-chain.intel.com:911 for all HTTP requests.
[2023-04-07 16:50:04Z INFO HostContext] Configuring anonymous proxy http://proxy-chain.intel.com:912 for all HTTPS requests.
[2023-04-07 16:50:04Z INFO HostContext] Well known directory 'Bin': '/home/ifs/ci-cd-sample/actions-runner/bin'
[2023-04-07 16:50:04Z INFO HostContext] Well known directory 'Root': '/home/ifs/ci-cd-sample/actions-runner'
[2023-04-07 16:50:04Z INFO HostContext] Well known config file 'Credentials': '/home/ifs/ci-cd-sample/actions-runner/.credentials'
[2023-04-07 16:50:04Z INFO HostContext] Well known directory 'Bin': '/home/ifs/ci-cd-sample/actions-runner/bin'
[2023-04-07 16:50:04Z INFO HostContext] Well known directory 'Root': '/home/ifs/ci-cd-sample/actions-runner'
[2023-04-07 16:50:04Z INFO HostContext] Well known config file 'Runner': '/home/ifs/ci-cd-sample/actions-runner/.runner'
[2023-04-07 16:50:04Z INFO Listener] Runner is built for Linux (X64) - linux-x64.
[2023-04-07 16:50:04Z INFO Listener] RuntimeInformation: Linux 5.15.0-41-generic #44~20.04.1-Ubuntu SMP Fri Jun 24 13:27:29 UTC 2022.
[2023-04-07 16:50:04Z INFO Listener] Version: 2.303.0
[2023-04-07 16:50:04Z INFO Listener] Commit: e676c7871817c1b484299cd93fabdf4b95e70741
[2023-04-07 16:50:04Z INFO Listener] Culture: en-US
[2023-04-07 16:50:04Z INFO Listener] UI Culture: en-US
[2023-04-07 16:50:04Z INFO HostContext] Well known directory 'Bin': '/home/ifs/ci-cd-sample/actions-runner/bin'
[2023-04-07 16:50:04Z INFO HostContext] Well known directory 'Root': '/home/ifs/ci-cd-sample/actions-runner'
[2023-04-07 16:50:04Z INFO Listener] Validating directory permissions for: '/home/ifs/ci-cd-sample/actions-runner'
[2023-04-07 16:50:04Z INFO CommandLineParser] Parse
[2023-04-07 16:50:04Z INFO CommandLineParser] Parsing 1 args
[2023-04-07 16:50:04Z INFO CommandLineParser] parsing argument
[2023-04-07 16:50:04Z INFO CommandLineParser] HasArgs: False
[2023-04-07 16:50:04Z INFO CommandLineParser] Adding Command: run
[2023-04-07 16:50:04Z INFO Listener] Arguments parsed
[2023-04-07 16:50:04Z INFO Runner] ExecuteCommand
[2023-04-07 16:50:04Z INFO ConfigurationStore] currentAssemblyLocation: /home/ifs/ci-cd-sample/actions-runner/bin/Runner.Listener.dll
[2023-04-07 16:50:04Z INFO HostContext] Well known directory 'Bin': '/home/ifs/ci-cd-sample/actions-runner/bin'
[2023-04-07 16:50:04Z INFO ConfigurationStore] binPath: /home/ifs/ci-cd-sample/actions-runner/bin
[2023-04-07 16:50:04Z INFO HostContext] Well known directory 'Bin': '/home/ifs/ci-cd-sample/actions-runner/bin'
[2023-04-07 16:50:04Z INFO HostContext] Well known directory 'Root': '/home/ifs/ci-cd-sample/actions-runner'
[2023-04-07 16:50:04Z INFO ConfigurationStore] RootFolder: /home/ifs/ci-cd-sample/actions-runner
[2023-04-07 16:50:04Z INFO HostContext] Well known directory 'Bin': '/home/ifs/ci-cd-sample/actions-runner/bin'
[2023-04-07 16:50:04Z INFO HostContext] Well known directory 'Root': '/home/ifs/ci-cd-sample/actions-runner'
[2023-04-07 16:50:04Z INFO HostContext] Well known config file 'Runner': '/home/ifs/ci-cd-sample/actions-runner/.runner'
[2023-04-07 16:50:04Z INFO ConfigurationStore] ConfigFilePath: /home/ifs/ci-cd-sample/actions-runner/.runner
[2023-04-07 16:50:04Z INFO HostContext] Well known directory 'Bin': '/home/ifs/ci-cd-sample/actions-runner/bin'
[2023-04-07 16:50:04Z INFO HostContext] Well known directory 'Root': '/home/ifs/ci-cd-sample/actions-runner'
[2023-04-07 16:50:04Z INFO HostContext] Well known config file 'Credentials': '/home/ifs/ci-cd-sample/actions-runner/.credentials'
[2023-04-07 16:50:04Z INFO ConfigurationStore] CredFilePath: /home/ifs/ci-cd-sample/actions-runner/.credentials
[2023-04-07 16:50:04Z INFO HostContext] Well known directory 'Bin': '/home/ifs/ci-cd-sample/actions-runner/bin'
[2023-04-07 16:50:04Z INFO HostContext] Well known directory 'Root': '/home/ifs/ci-cd-sample/actions-runner'
[2023-04-07 16:50:04Z INFO HostContext] Well known config file 'MigratedCredentials': '/home/ifs/ci-cd-sample/actions-runner/.credentials_migrated'
[2023-04-07 16:50:04Z INFO ConfigurationStore] MigratedCredFilePath: /home/ifs/ci-cd-sample/actions-runner/.credentials_migrated
[2023-04-07 16:50:04Z INFO HostContext] Well known directory 'Bin': '/home/ifs/ci-cd-sample/actions-runner/bin'
[2023-04-07 16:50:04Z INFO HostContext] Well known directory 'Root': '/home/ifs/ci-cd-sample/actions-runner'
[2023-04-07 16:50:04Z INFO HostContext] Well known config file 'Service': '/home/ifs/ci-cd-sample/actions-runner/.service'
[2023-04-07 16:50:04Z INFO ConfigurationStore] ServiceConfigFilePath: /home/ifs/ci-cd-sample/actions-runner/.service
[2023-04-07 16:50:04Z INFO CommandSettings] Flag 'help': 'False'
[2023-04-07 16:50:04Z INFO CommandSettings] Flag 'version': 'False'
[2023-04-07 16:50:04Z INFO CommandSettings] Flag 'commit': 'False'
[2023-04-07 16:50:04Z INFO CommandSettings] Flag 'check': 'False'
[2023-04-07 16:50:04Z INFO CommandSettings] Command 'configure': 'False'
[2023-04-07 16:50:04Z INFO CommandSettings] Command 'remove': 'False'
[2023-04-07 16:50:04Z INFO CommandSettings] Command 'warmup': 'False'
[2023-04-07 16:50:04Z INFO ConfigurationManager] LoadSettings
[2023-04-07 16:50:04Z INFO ConfigurationStore] IsConfigured()
[2023-04-07 16:50:04Z INFO ConfigurationStore] IsConfigured: True
[2023-04-07 16:50:04Z INFO ConfigurationManager] Is configured: True
[2023-04-07 16:50:04Z INFO ConfigurationStore] Read setting file: 300 chars
[2023-04-07 16:50:04Z INFO ConfigurationManager] Settings Loaded
[2023-04-07 16:50:04Z INFO ConfigurationStore] IsServiceConfigured()
[2023-04-07 16:50:04Z INFO ConfigurationStore] IsServiceConfigured: False
[2023-04-07 16:50:04Z INFO CommandSettings] Command 'run': 'True'
[2023-04-07 16:50:04Z INFO ConfigurationStore] IsConfigured()
[2023-04-07 16:50:04Z INFO ConfigurationStore] IsConfigured: True
[2023-04-07 16:50:04Z INFO ConfigurationManager] Is configured: True
[2023-04-07 16:50:04Z INFO Runner] Could not parse the argument value '' for StartupType. Defaulting to Manual
[2023-04-07 16:50:04Z INFO Runner] Set runner startup type - Manual
[2023-04-07 16:50:04Z INFO CommandSettings] Flag 'once': 'False'
[2023-04-07 16:50:04Z INFO CommandSettings] Flag 'once': 'False'
[2023-04-07 16:50:04Z INFO Runner] RunAsync
[2023-04-07 16:50:04Z INFO ConfigurationManager] LoadSettings
[2023-04-07 16:50:04Z INFO ConfigurationStore] IsConfigured()
[2023-04-07 16:50:04Z INFO ConfigurationStore] IsConfigured: True
[2023-04-07 16:50:04Z INFO ConfigurationManager] Is configured: True
[2023-04-07 16:50:04Z INFO ConfigurationManager] Settings Loaded
[2023-04-07 16:50:04Z INFO MessageListener] {
  "AgentId": 2,
  "AgentName": "mohamed esmail",
  "PoolId": 1,
  "PoolName": "Default",
  "ServerUrl": "https://pipelines.actions.githubusercontent.com/E72i4yQxnUthuzCimL5e2A76ZggI2zfN2qwFy4aFGu9eJL7Fpu",
  "GitHubUrl": "https://github.com/mesmail98/ci-cd-sample",
  "WorkFolder": "ci-cd-sample"
}
[2023-04-07 16:50:04Z INFO MessageListener] Loading Credentials
[2023-04-07 16:50:04Z INFO ConfigurationStore] HasCredentials()
[2023-04-07 16:50:04Z INFO ConfigurationStore] stored True
[2023-04-07 16:50:04Z INFO CredentialManager] GetCredentialProvider
[2023-04-07 16:50:04Z INFO CredentialManager] Creating type OAuth
[2023-04-07 16:50:04Z INFO CredentialManager] Creating credential type: OAuth
[2023-04-07 16:50:04Z INFO HostContext] Well known directory 'Bin': '/home/ifs/ci-cd-sample/actions-runner/bin'
[2023-04-07 16:50:04Z INFO HostContext] Well known directory 'Root': '/home/ifs/ci-cd-sample/actions-runner'
[2023-04-07 16:50:04Z INFO HostContext] Well known config file 'RSACredentials': '/home/ifs/ci-cd-sample/actions-runner/.credentials_rsaparams'
[2023-04-07 16:50:04Z INFO RSAFileKeyManager] Loading RSA key parameters from file /home/ifs/ci-cd-sample/actions-runner/.credentials_rsaparams
[2023-04-07 16:50:04Z INFO MessageListener] Attempt to create session.
[2023-04-07 16:50:04Z INFO MessageListener] Connecting to the Runner Server...
[2023-04-07 16:50:04Z INFO RunnerServer] EstablishVssConnection
[2023-04-07 16:50:04Z INFO RunnerServer] Establish connection with 100 seconds timeout.
[2023-04-07 16:50:04Z INFO GitHubActionsService] Starting operation Location.GetConnectionData
[2023-04-07 16:50:04Z INFO RunnerServer] EstablishVssConnection
[2023-04-07 16:50:04Z INFO RunnerServer] Establish connection with 60 seconds timeout.
[2023-04-07 16:50:04Z INFO GitHubActionsService] Starting operation Location.GetConnectionData
[2023-04-07 16:50:04Z INFO RunnerServer] EstablishVssConnection
[2023-04-07 16:50:04Z INFO RunnerServer] Establish connection with 60 seconds timeout.
[2023-04-07 16:50:04Z INFO GitHubActionsService] Starting operation Location.GetConnectionData
[2023-04-07 16:50:05Z INFO GitHubActionsService] Finished operation Location.GetConnectionData
[2023-04-07 16:50:05Z INFO GitHubActionsService] Finished operation Location.GetConnectionData
[2023-04-07 16:50:05Z INFO GitHubActionsService] Finished operation Location.GetConnectionData
[2023-04-07 16:50:05Z INFO MessageListener] VssConnection created
[2023-04-07 16:50:05Z INFO Terminal] WRITE LINE: 
[2023-04-07 16:50:05Z INFO Terminal] WRITE LINE: 
[2023-04-07 16:50:05Z INFO RSAFileKeyManager] Loading RSA key parameters from file /home/ifs/ci-cd-sample/actions-runner/.credentials_rsaparams
[2023-04-07 16:50:05Z INFO RSAFileKeyManager] Loading RSA key parameters from file /home/ifs/ci-cd-sample/actions-runner/.credentials_rsaparams
[2023-04-07 16:50:05Z INFO GitHubActionsService] AAD Correlation ID for this token request: Unknown
[2023-04-07 16:50:06Z INFO MessageListener] Session created.
[2023-04-07 16:50:06Z INFO Terminal] WRITE LINE: Current runner version: '2.303.0'
[2023-04-07 16:50:06Z INFO Terminal] WRITE LINE: 2023-04-07 16:50:06Z: Listening for Jobs
[2023-04-07 16:50:06Z INFO JobDispatcher] Set runner/worker IPC timeout to 30 seconds.
[2023-04-07 16:50:25Z INFO RSAFileKeyManager] Loading RSA key parameters from file /home/ifs/ci-cd-sample/actions-runner/.credentials_rsaparams
[2023-04-07 16:50:25Z INFO MessageListener] Message '2' received from session 'dd988101-d158-4954-bf98-1c776441a1d0'.
[2023-04-07 16:50:25Z INFO Runner] Received job message of length 23540 from service, with hash 'e6a2e9e733ea5d2235c2bc3947d7375ec323796087540c11372794e93459e20b'
[2023-04-07 16:50:25Z INFO JobDispatcher] Job request 14 for plan 1dc47400-e3e6-4cb2-8311-e8e73f249d71 job bddc1945-e983-5915-0743-b12662939965 received.
[2023-04-07 16:50:25Z INFO JobDispatcher] Pull OrchestrationId 1dc47400-e3e6-4cb2-8311-e8e73f249d71.build.self-hosted-linux from JWT claims
[2023-04-07 16:50:25Z INFO Terminal] WRITE LINE: 2023-04-07 16:50:25Z: Running job: Build on self-hosted-linux
[2023-04-07 16:50:25Z INFO JobDispatcher] Start renew job request 14 for job bddc1945-e983-5915-0743-b12662939965.
[2023-04-07 16:50:25Z INFO JobDispatcher] Successfully renew job request 14, job is valid till 4/7/2023 5:00:16 PM
[2023-04-07 16:50:25Z INFO HostContext] Well known directory 'Bin': '/home/ifs/ci-cd-sample/actions-runner/bin'
[2023-04-07 16:50:25Z INFO ProcessInvokerWrapper] Starting process:
[2023-04-07 16:50:25Z INFO ProcessInvokerWrapper]   File name: '/home/ifs/ci-cd-sample/actions-runner/bin/Runner.Worker'
[2023-04-07 16:50:25Z INFO ProcessInvokerWrapper]   Arguments: 'spawnclient 110 113'
[2023-04-07 16:50:25Z INFO ProcessInvokerWrapper]   Working directory: '/home/ifs/ci-cd-sample/actions-runner/bin'
[2023-04-07 16:50:25Z INFO ProcessInvokerWrapper]   Require exit code zero: 'False'
[2023-04-07 16:50:25Z INFO ProcessInvokerWrapper]   Encoding web name:  ; code page: ''
[2023-04-07 16:50:25Z INFO ProcessInvokerWrapper]   Force kill process on cancellation: 'True'
[2023-04-07 16:50:25Z INFO ProcessInvokerWrapper]   Redirected STDIN: 'False'
[2023-04-07 16:50:25Z INFO ProcessInvokerWrapper]   Persist current code page: 'False'
[2023-04-07 16:50:25Z INFO ProcessInvokerWrapper]   Keep redirected STDIN open: 'False'
[2023-04-07 16:50:25Z INFO ProcessInvokerWrapper]   High priority process: 'True'
[2023-04-07 16:50:25Z INFO ProcessInvokerWrapper] Process started with process id 3057228, waiting for process exit.
[2023-04-07 16:50:25Z INFO JobDispatcher] Send job request message to worker for job bddc1945-e983-5915-0743-b12662939965.
[2023-04-07 16:50:25Z INFO ProcessChannel] Sending message of length 23540, with hash 'e6a2e9e733ea5d2235c2bc3947d7375ec323796087540c11372794e93459e20b'
[2023-04-07 16:50:25Z INFO JobNotification] Entering JobStarted Notification
[2023-04-07 16:50:25Z INFO JobNotification] Entering StartMonitor
[2023-04-07 16:50:55Z INFO ProcessInvokerWrapper] STDOUT/STDERR stream read finished.
[2023-04-07 16:50:55Z INFO ProcessInvokerWrapper] STDOUT/STDERR stream read finished.
[2023-04-07 16:50:55Z INFO ProcessInvokerWrapper] Finished process 3057228 with exit code 100, and elapsed time 00:00:29.3248272.
[2023-04-07 16:50:55Z INFO JobDispatcher] Worker finished for job bddc1945-e983-5915-0743-b12662939965. Code: 100
[2023-04-07 16:50:55Z INFO JobDispatcher] finish job request for job bddc1945-e983-5915-0743-b12662939965 with result: Succeeded
[2023-04-07 16:50:55Z INFO Terminal] WRITE LINE: 2023-04-07 16:50:55Z: Job Build on self-hosted-linux completed with result: Succeeded
[2023-04-07 16:50:55Z INFO JobDispatcher] Stop renew job request for job bddc1945-e983-5915-0743-b12662939965.
[2023-04-07 16:50:55Z INFO JobDispatcher] job renew has been cancelled, stop renew job request 14.
[2023-04-07 16:50:55Z INFO JobNotification] Entering JobCompleted Notification
[2023-04-07 16:50:55Z INFO JobNotification] Entering EndMonitor
[2023-04-07 16:56:56Z INFO RSAFileKeyManager] Loading RSA key parameters from file /home/ifs/ci-cd-sample/actions-runner/.credentials_rsaparams
[2023-04-07 16:56:56Z INFO MessageListener] Message '3' received from session 'dd988101-d158-4954-bf98-1c776441a1d0'.
[2023-04-07 16:56:56Z INFO Runner] Received job message of length 21855 from service, with hash '971383f403940d812f2fa94e17b2a20faf117e9a6e22b9aafae5cc9f0a4305b1'
[2023-04-07 16:56:56Z INFO JobDispatcher] Job request 15 for plan c4989741-b47a-4a1a-945f-c9c9d46b156c job bddc1945-e983-5915-0743-b12662939965 received.
[2023-04-07 16:56:56Z INFO JobDispatcher] Pull OrchestrationId c4989741-b47a-4a1a-945f-c9c9d46b156c.build.self-hosted-linux from JWT claims
[2023-04-07 16:56:56Z INFO JobDispatcher] Job request bddc1945-e983-5915-0743-b12662939965 processed succeed.
[2023-04-07 16:56:56Z INFO Terminal] WRITE LINE: 2023-04-07 16:56:56Z: Running job: Build on self-hosted-linux
[2023-04-07 16:56:56Z INFO JobDispatcher] Start renew job request 15 for job bddc1945-e983-5915-0743-b12662939965.
[2023-04-07 16:56:56Z INFO JobDispatcher] Successfully renew job request 15, job is valid till 4/7/2023 5:06:47 PM
[2023-04-07 16:56:56Z INFO HostContext] Well known directory 'Bin': '/home/ifs/ci-cd-sample/actions-runner/bin'
[2023-04-07 16:56:56Z INFO ProcessInvokerWrapper] Starting process:
[2023-04-07 16:56:56Z INFO ProcessInvokerWrapper]   File name: '/home/ifs/ci-cd-sample/actions-runner/bin/Runner.Worker'
[2023-04-07 16:56:56Z INFO ProcessInvokerWrapper]   Arguments: 'spawnclient 110 113'
[2023-04-07 16:56:56Z INFO ProcessInvokerWrapper]   Working directory: '/home/ifs/ci-cd-sample/actions-runner/bin'
[2023-04-07 16:56:56Z INFO ProcessInvokerWrapper]   Require exit code zero: 'False'
[2023-04-07 16:56:56Z INFO ProcessInvokerWrapper]   Encoding web name:  ; code page: ''
[2023-04-07 16:56:56Z INFO ProcessInvokerWrapper]   Force kill process on cancellation: 'True'
[2023-04-07 16:56:56Z INFO ProcessInvokerWrapper]   Redirected STDIN: 'False'
[2023-04-07 16:56:56Z INFO ProcessInvokerWrapper]   Persist current code page: 'False'
[2023-04-07 16:56:56Z INFO ProcessInvokerWrapper]   Keep redirected STDIN open: 'False'
[2023-04-07 16:56:56Z INFO ProcessInvokerWrapper]   High priority process: 'True'
[2023-04-07 16:56:56Z INFO ProcessInvokerWrapper] Process started with process id 3057793, waiting for process exit.
[2023-04-07 16:56:56Z INFO JobDispatcher] Send job request message to worker for job bddc1945-e983-5915-0743-b12662939965.
[2023-04-07 16:56:56Z INFO ProcessChannel] Sending message of length 21855, with hash '971383f403940d812f2fa94e17b2a20faf117e9a6e22b9aafae5cc9f0a4305b1'
[2023-04-07 16:56:56Z INFO JobNotification] Entering JobStarted Notification
[2023-04-07 16:56:56Z INFO JobNotification] Entering StartMonitor
[2023-04-07 16:57:04Z INFO ProcessInvokerWrapper] STDOUT/STDERR stream read finished.
[2023-04-07 16:57:04Z INFO ProcessInvokerWrapper] STDOUT/STDERR stream read finished.
[2023-04-07 16:57:04Z INFO ProcessInvokerWrapper] Finished process 3057793 with exit code 102, and elapsed time 00:00:08.3463263.
[2023-04-07 16:57:04Z INFO JobDispatcher] Worker finished for job bddc1945-e983-5915-0743-b12662939965. Code: 102
[2023-04-07 16:57:04Z INFO JobDispatcher] finish job request for job bddc1945-e983-5915-0743-b12662939965 with result: Failed
[2023-04-07 16:57:04Z INFO Terminal] WRITE LINE: 2023-04-07 16:57:04Z: Job Build on self-hosted-linux completed with result: Failed
[2023-04-07 16:57:04Z INFO JobDispatcher] Stop renew job request for job bddc1945-e983-5915-0743-b12662939965.
[2023-04-07 16:57:04Z INFO JobDispatcher] job renew has been cancelled, stop renew job request 15.
[2023-04-07 16:57:04Z INFO JobNotification] Entering JobCompleted Notification
[2023-04-07 16:57:04Z INFO JobNotification] Entering EndMonitor
